[ 2019-12-25T13:36:14+08:00 ] ::1 /automationSystem/Email/getCount.html
INFO: [ app_begin ] --START--
INFO: Run Behavior\ReadHtmlCacheBehavior [ RunTime:0.001380s ]
INFO: [ app_begin ] --END-- [ RunTime:0.002486s ]
ERR: 无法加载控制器:Email

[ 2019-12-25T13:36:17+08:00 ] ::1 /automationSystem/Email/getCount.html
INFO: [ app_begin ] --START--
INFO: Run Behavior\ReadHtmlCacheBehavior [ RunTime:0.000511s ]
INFO: [ app_begin ] --END-- [ RunTime:0.000855s ]
ERR: 无法加载控制器:Email

[ 2019-12-25T13:36:20+08:00 ] ::1 /automationSystem/Email/getCount.html
INFO: [ app_begin ] --START--
INFO: Run Behavior\ReadHtmlCacheBehavior [ RunTime:0.000385s ]
INFO: [ app_begin ] --END-- [ RunTime:0.000670s ]
ERR: 无法加载控制器:Email

[ 2019-12-25T13:36:23+08:00 ] ::1 /automationSystem/Email/getCount.html
INFO: [ app_begin ] --START--
INFO: Run Behavior\ReadHtmlCacheBehavior [ RunTime:0.000809s ]
INFO: [ app_begin ] --END-- [ RunTime:0.001311s ]
ERR: 无法加载控制器:Email

[ 2019-12-25T13:36:26+08:00 ] ::1 /automationSystem/Email/getCount.html
INFO: [ app_begin ] --START--
INFO: Run Behavior\ReadHtmlCacheBehavior [ RunTime:0.000425s ]
INFO: [ app_begin ] --END-- [ RunTime:0.000705s ]
ERR: 无法加载控制器:Email

[ 2019-12-25T13:36:29+08:00 ] ::1 /automationSystem/Email/getCount.html
INFO: [ app_begin ] --START--
INFO: Run Behavior\ReadHtmlCacheBehavior [ RunTime:0.000366s ]
INFO: [ app_begin ] --END-- [ RunTime:0.000602s ]
ERR: 无法加载控制器:Email

[ 2019-12-25T13:36:32+08:00 ] ::1 /automationSystem/Email/getCount.html
INFO: [ app_begin ] --START--
INFO: Run Behavior\ReadHtmlCacheBehavior [ RunTime:0.000371s ]
INFO: [ app_begin ] --END-- [ RunTime:0.000625s ]
ERR: 无法加载控制器:Email

[ 2019-12-25T13:36:35+08:00 ] ::1 /automationSystem/Email/getCount.html
INFO: [ app_begin ] --START--
INFO: Run Behavior\ReadHtmlCacheBehavior [ RunTime:0.000353s ]
INFO: [ app_begin ] --END-- [ RunTime:0.000588s ]
ERR: 无法加载控制器:Email

[ 2019-12-25T13:36:38+08:00 ] ::1 /automationSystem/Email/getCount.html
INFO: [ app_begin ] --START--
INFO: Run Behavior\ReadHtmlCacheBehavior [ RunTime:0.000477s ]
INFO: [ app_begin ] --END-- [ RunTime:0.000799s ]
ERR: 无法加载控制器:Email

[ 2019-12-25T13:36:41+08:00 ] ::1 /automationSystem/Email/getCount.html
INFO: [ app_begin ] --START--
INFO: Run Behavior\ReadHtmlCacheBehavior [ RunTime:0.000666s ]
INFO: [ app_begin ] --END-- [ RunTime:0.001253s ]
ERR: 无法加载控制器:Email

[ 2019-12-25T13:36:44+08:00 ] ::1 /automationSystem/Email/getCount.html
INFO: [ app_begin ] --START--
INFO: Run Behavior\ReadHtmlCacheBehavior [ RunTime:0.000369s ]
INFO: [ app_begin ] --END-- [ RunTime:0.000609s ]
ERR: 无法加载控制器:Email

[ 2019-12-25T13:36:47+08:00 ] ::1 /automationSystem/Email/getCount.html
INFO: [ app_begin ] --START--
INFO: Run Behavior\ReadHtmlCacheBehavior [ RunTime:0.000416s ]
INFO: [ app_begin ] --END-- [ RunTime:0.000779s ]
ERR: 无法加载控制器:Email

[ 2019-12-25T13:36:50+08:00 ] ::1 /automationSystem/Email/getCount.html
INFO: [ app_begin ] --START--
INFO: Run Behavior\ReadHtmlCacheBehavior [ RunTime:0.000480s ]
INFO: [ app_begin ] --END-- [ RunTime:0.000715s ]
ERR: 无法加载控制器:Email

[ 2019-12-25T13:36:53+08:00 ] ::1 /automationSystem/Email/getCount.html
INFO: [ app_begin ] --START--
INFO: Run Behavior\ReadHtmlCacheBehavior [ RunTime:0.000591s ]
INFO: [ app_begin ] --END-- [ RunTime:0.000982s ]
ERR: 无法加载控制器:Email

[ 2019-12-25T13:36:56+08:00 ] ::1 /automationSystem/Email/getCount.html
INFO: [ app_begin ] --START--
INFO: Run Behavior\ReadHtmlCacheBehavior [ RunTime:0.000406s ]
INFO: [ app_begin ] --END-- [ RunTime:0.000735s ]
ERR: 无法加载控制器:Email

[ 2019-12-25T13:36:59+08:00 ] ::1 /automationSystem/Email/getCount.html
INFO: [ app_begin ] --START--
INFO: Run Behavior\ReadHtmlCacheBehavior [ RunTime:0.000354s ]
INFO: [ app_begin ] --END-- [ RunTime:0.000598s ]
ERR: 无法加载控制器:Email

[ 2019-12-25T13:37:02+08:00 ] ::1 /automationSystem/Email/getCount.html
INFO: [ app_begin ] --START--
INFO: Run Behavior\ReadHtmlCacheBehavior [ RunTime:0.000357s ]
INFO: [ app_begin ] --END-- [ RunTime:0.000598s ]
ERR: 无法加载控制器:Email

[ 2019-12-25T13:38:38+08:00 ] ::1 /automationSystem/Email/getCount.html
INFO: [ app_begin ] --START--
INFO: Run Behavior\ReadHtmlCacheBehavior [ RunTime:0.000361s ]
INFO: [ app_begin ] --END-- [ RunTime:0.000610s ]
ERR: 无法加载控制器:Email

[ 2019-12-25T13:38:41+08:00 ] ::1 /automationSystem/Email/getCount.html
INFO: [ app_begin ] --START--
INFO: Run Behavior\ReadHtmlCacheBehavior [ RunTime:0.000574s ]
INFO: [ app_begin ] --END-- [ RunTime:0.000951s ]
ERR: 无法加载控制器:Email

[ 2019-12-25T13:38:48+08:00 ] ::1 /automationSystem/User/login.html
ERR: 非法操作:login

[ 2019-12-25T13:38:51+08:00 ] ::1 /automationSystem/User/register.html
ERR: 非法操作:register

[ 2019-12-25T13:43:14+08:00 ] ::1 /automationSystem/User/login.html
ERR: 非法操作:login

[ 2019-12-25T13:43:18+08:00 ] ::1 /automationSystem/User/login.html
ERR: 非法操作:login

[ 2019-12-25T14:26:02+08:00 ] ::1 /automationSystem/Public/login.html
ERR: 无法加载控制器:Public

[ 2019-12-25T14:26:16+08:00 ] ::1 /automationSystem/Public/login.html
ERR: 无法加载控制器:Public

[ 2019-12-25T14:29:47+08:00 ] ::1 /automationSystem/admin'
ERR: 无法加载控制器:Admin'

[ 2019-12-25T14:29:54+08:00 ] ::1 /automationSystem/admin'
ERR: 无法加载控制器:Admin'

[ 2019-12-25T14:45:11+08:00 ] ::1 /automationSystem/User/login.html
INFO: [ app_begin ] --START--
INFO: Run Behavior\ReadHtmlCacheBehavior [ RunTime:0.000652s ]
INFO: [ app_begin ] --END-- [ RunTime:0.000957s ]

[ 2019-12-25T14:45:13+08:00 ] ::1 /automationSystem/User/login.html
INFO: [ app_begin ] --START--
INFO: Run Behavior\ReadHtmlCacheBehavior [ RunTime:0.000491s ]
INFO: [ app_begin ] --END-- [ RunTime:0.000743s ]

[ 2019-12-25T14:45:14+08:00 ] ::1 /automationSystem/User/login.html
INFO: [ app_begin ] --START--
INFO: Run Behavior\ReadHtmlCacheBehavior [ RunTime:0.000582s ]
INFO: [ app_begin ] --END-- [ RunTime:0.000870s ]

[ 2019-12-25T14:45:14+08:00 ] ::1 /automationSystem/User/login.html
INFO: [ app_begin ] --START--
INFO: Run Behavior\ReadHtmlCacheBehavior [ RunTime:0.000602s ]
INFO: [ app_begin ] --END-- [ RunTime:0.000902s ]

[ 2019-12-25T14:45:15+08:00 ] ::1 /automationSystem/User/login.html
INFO: [ app_begin ] --START--
INFO: Run Behavior\ReadHtmlCacheBehavior [ RunTime:0.000563s ]
INFO: [ app_begin ] --END-- [ RunTime:0.000814s ]

[ 2019-12-25T14:45:16+08:00 ] ::1 /automationSystem/User/login.html
INFO: [ app_begin ] --START--
INFO: Run Behavior\ReadHtmlCacheBehavior [ RunTime:0.000638s ]
INFO: [ app_begin ] --END-- [ RunTime:0.001034s ]

[ 2019-12-25T14:45:17+08:00 ] ::1 /automationSystem/User/login.html
INFO: [ app_begin ] --START--
INFO: Run Behavior\ReadHtmlCacheBehavior [ RunTime:0.000751s ]
INFO: [ app_begin ] --END-- [ RunTime:0.001057s ]

[ 2019-12-25T15:46:06+08:00 ] ::1 /automationSystem/Public/login.html
ERR: 无法加载控制器:Public

[ 2019-12-25T15:46:16+08:00 ] ::1 /automationSystem/Public/login.html
ERR: 无法加载控制器:Public

[ 2019-12-25T15:46:37+08:00 ] ::1 /automationSystem/Public/login.html
ERR: 无法加载控制器:Public

[ 2019-12-25T15:46:48+08:00 ] ::1 /automationSystem/Public/login.html
ERR: 无法加载控制器:Public

[ 2019-12-25T15:47:32+08:00 ] ::1 /automationSystem/Public/login.html
ERR: 无法加载控制器:Public

[ 2019-12-25T15:48:08+08:00 ] ::1 /automationSystem/Public/login.html
ERR: 无法加载控制器:Public

[ 2019-12-25T15:48:23+08:00 ] ::1 /automationSystem/Public/login.html
ERR: 无法加载控制器:Public

[ 2019-12-25T15:48:24+08:00 ] ::1 /automationSystem/Public/login.html
ERR: 无法加载控制器:Public

[ 2019-12-25T15:48:24+08:00 ] ::1 /automationSystem/Public/login.html
ERR: 无法加载控制器:Public

[ 2019-12-25T15:48:25+08:00 ] ::1 /automationSystem/Public/login.html
ERR: 无法加载控制器:Public

[ 2019-12-25T15:48:25+08:00 ] ::1 /automationSystem/Public/login.html
ERR: 无法加载控制器:Public

[ 2019-12-25T15:48:34+08:00 ] ::1 /automationsystem/public/login.html
ERR: 无法加载控制器:Public

[ 2019-12-25T15:49:23+08:00 ] ::1 /automationSystem/Public/login.html
ERR: 无法加载控制器:Public

[ 2019-12-25T15:49:39+08:00 ] ::1 /automationSystem/Public/login.html
ERR: 无法加载控制器:Public

[ 2019-12-25T15:49:54+08:00 ] ::1 /automationSystem/Public/login.html
ERR: 无法加载控制器:Public

[ 2019-12-25T15:50:14+08:00 ] ::1 /automationSystem/Public/login.html
ERR: 无法加载控制器:Public

[ 2019-12-25T15:50:40+08:00 ] ::1 /automationSystem/Public/login.html
ERR: 无法加载控制器:Public

